  constants.cpp
D:\CODE\Projects\simple\simple\constants.cpp(4,41): warning C4305: 'initializing': truncation from 'double' to 'float'
  exercise1.cpp
D:\CODE\Projects\simple\simple\exercise1.cpp(7,5): error C2084: function 'int main(void)' already has a body
D:\CODE\Projects\simple\simple\exercise1.cpp(3): message : see previous definition of 'main'
D:\CODE\Projects\simple\simple\exercise1.cpp(12,17): error C2143: syntax error: missing ';' before 'constant'
  multiline print statements.cpp
D:\CODE\Projects\simple\simple\multiline print statements.cpp(13,5): error C2084: function 'int main(void)' already has a body
D:\CODE\Projects\simple\simple\multiline print statements.cpp(3): message : see previous definition of 'main'
  simple.cpp
D:\CODE\Projects\simple\simple\simple.cpp(5,2): error C2653: 'sdd': is not a class or namespace name
D:\CODE\Projects\simple\simple\simple.cpp(5,7): error C2065: 'cin': undeclared identifier
  test.cpp
D:\CODE\Projects\simple\simple\test.cpp(122,10): error C2143: syntax error: missing ':' before '...'
D:\CODE\Projects\simple\simple\test.cpp(122,10): error C2059: syntax error: '...'
D:\CODE\Projects\simple\simple\test.cpp(125,10): error C2143: syntax error: missing ':' before '...'
D:\CODE\Projects\simple\simple\test.cpp(125,10): error C2059: syntax error: '...'
D:\CODE\Projects\simple\simple\test.cpp(128,10): error C2143: syntax error: missing ':' before '...'
D:\CODE\Projects\simple\simple\test.cpp(128,10): error C2059: syntax error: '...'
  Generating Code...
